<?xml version="1.0" encoding="UTF-8"?>
<!-- Generated by org.testng.reporters.JUnitReportReporter -->
<testsuite hostname="DESKTOP-QOQL0HO" failures="0" tests="1" name="dws_scripts.DWS_Register" time="13.348" errors="0" timestamp="2023-11-23T21:17:33 GMT-08:00" skipped="0">
  <testcase classname="dws_scripts.DWS_Register" name="register" time="13.348"/>
  <system-out>
    <![CDATA[Registeration done successfully...]]>
  </system-out>
</testsuite> <!-- dws_scripts.DWS_Register -->
