<?xml version="1.0" encoding="UTF-8"?>
<!-- Generated by org.testng.reporters.JUnitReportReporter -->
<testsuite hostname="DESKTOP-QOQL0HO" failures="0" tests="3" name="learning_testng.DummyScripts" time="0.015" errors="0" timestamp="2023-11-21T22:08:00 GMT-08:00" skipped="0">
  <testcase classname="learning_testng.DummyScripts" name="register" time="0.009"/>
  <system-out/>
  <testcase classname="learning_testng.DummyScripts" name="login" time="0.002"/>
  <system-out/>
  <testcase classname="learning_testng.DummyScripts" name="logout" time="0.004"/>
  <system-out/>
</testsuite> <!-- learning_testng.DummyScripts -->
