<?xml version="1.0" encoding="UTF-8"?>
<!-- Generated by org.testng.reporters.JUnitReportReporter -->
<testsuite hostname="DESKTOP-QOQL0HO" failures="0" tests="1" name="learning_testng.Demo" time="0.010" errors="0" timestamp="2023-11-21T22:24:12 GMT-08:00" skipped="0">
  <testcase classname="learning_testng.Demo" name="demo" time="0.010"/>
  <system-out/>
</testsuite> <!-- learning_testng.Demo -->
