<?xml version="1.0" encoding="UTF-8"?>
<!-- Generated by org.testng.reporters.JUnitReportReporter -->
<testsuite hostname="DESKTOP-QOQL0HO" failures="0" tests="2" name="learning_testng.Basic_TestNg" time="0.013" errors="0" timestamp="2023-11-21T21:19:21 GMT-08:00" skipped="0">
  <testcase classname="learning_testng.Basic_TestNg" name="login" time="0.011"/>
  <system-out>
    <![CDATA[login completed]]>
  </system-out>
  <testcase classname="learning_testng.Basic_TestNg" name="logout" time="0.002"/>
  <system-out>
    <![CDATA[logout completed]]>
  </system-out>
</testsuite> <!-- learning_testng.Basic_TestNg -->
